<?xml version="1.0" encoding="UTF-8"?>
<!-- Generated by org.testng.reporters.JUnitXMLReporter -->
<testsuite hostname="DESKTOP-T3EO6I8" ignored="0" name="Default test" tests="3" failures="0" timestamp="21 Oct 2018 18:25:52 GMT" time="78.929" errors="0">
  <testcase name="homePageTitleTest" time="0.055" classname="com.crm.qa.testcases.HomePageTest"/>
  <testcase name="verifyUserNameTest" time="0.233" classname="com.crm.qa.testcases.HomePageTest"/>
  <testcase name="verifyContactsLinkTest" time="7.227" classname="com.crm.qa.testcases.HomePageTest"/>
</testsuite> <!-- Default test -->
